[    0.000000] Initializing cgroup subsys cpuset
[    0.000000] Initializing cgroup subsys cpu
[    0.000000] Initializing cgroup subsys cpuacct
[    0.000000] Linux version 4.4.0-96-generic (buildd@lgw01-10) (gcc version 5.4.0 20160609 (Ubuntu 5.4.0-6ubuntu1~16.04.4) ) #119-Ubuntu SMP Tue Sep 12 14:59:54 UTC 2017 (Ubuntu 4.4.0-96.119-generic 4.4.83)
[    0.000000] Command line: BOOT_IMAGE=/boot/vmlinuz-4.4.0-96-generic root=LABEL=cloudimg-rootfs ro console=tty1 console=ttyS0
[    0.000000] KERNEL supported cpus:
[    0.000000]   Intel GenuineIntel
[    0.000000]   AMD AuthenticAMD
[    0.000000]   Centaur CentaurHauls
[    0.000000] x86/fpu: xstate_offset[2]:  576, xstate_sizes[2]:  256
[    0.000000] x86/fpu: Supporting XSAVE feature 0x01: 'x87 floating point registers'
[    0.000000] x86/fpu: Supporting XSAVE feature 0x02: 'SSE registers'
[    0.000000] x86/fpu: Supporting XSAVE feature 0x04: 'AVX registers'
[    0.000000] x86/fpu: Enabled xstate features 0x7, context size is 832 bytes, using 'standard' format.
[    0.000000] x86/fpu: Using 'lazy' FPU context switches.
[    0.000000] e820: BIOS-provided physical RAM map:
[    0.000000] BIOS-e820: [mem 0x0000000000000000-0x000000000009fbff] usable
[    0.000000] BIOS-e820: [mem 0x000000000009fc00-0x000000000009ffff] reserved
[    0.000000] BIOS-e820: [mem 0x00000000000f0000-0x00000000000fffff] reserved
[    0.000000] BIOS-e820: [mem 0x0000000000100000-0x000000001ffeffff] usable
[    0.000000] BIOS-e820: [mem 0x000000001fff0000-0x000000001fffffff] ACPI data
[    0.000000] BIOS-e820: [mem 0x00000000fec00000-0x00000000fec00fff] reserved
[    0.000000] BIOS-e820: [mem 0x00000000fee00000-0x00000000fee00fff] reserved
[    0.000000] BIOS-e820: [mem 0x00000000fffc0000-0x00000000ffffffff] reserved
[    0.000000] NX (Execute Disable) protection: active
[    0.000000] SMBIOS 2.5 present.
[    0.000000] Hypervisor detected: KVM
[    0.000000] e820: last_pfn = 0x1fff0 max_arch_pfn = 0x400000000
[    0.000000] MTRR: Disabled
[    0.000000] x86/PAT: MTRRs disabled, skipping PAT initialization too.
[    0.000000] CPU MTRRs all blank - virtualized system.
[    0.000000] x86/PAT: Configuration [0-7]: WB  WT  UC- UC  WB  WT  UC- UC  
[    0.000000] found SMP MP-table at [mem 0x0009fff0-0x0009ffff] mapped at [ffff88000009fff0]
[    0.000000] Scanning 1 areas for low memory corruption
[    0.000000] RAMDISK: [mem 0x1ece4000-0x1f757fff]
[    0.000000] ACPI: Early table checksum verification disabled
[    0.000000] ACPI: RSDP 0x00000000000E0000 000024 (v02 VBOX  )
[    0.000000] ACPI: XSDT 0x000000001FFF0030 00003C (v01 VBOX   VBOXXSDT 00000001 ASL  00000061)
[    0.000000] ACPI: FACP 0x000000001FFF00F0 0000F4 (v04 VBOX   VBOXFACP 00000001 ASL  00000061)
[    0.000000] ACPI: DSDT 0x000000001FFF0470 0021C8 (v02 VBOX   VBOXBIOS 00000002 INTL 20100528)
[    0.000000] ACPI: FACS 0x000000001FFF0200 000040
[    0.000000] ACPI: FACS 0x000000001FFF0200 000040
[    0.000000] ACPI: APIC 0x000000001FFF0240 00005C (v02 VBOX   VBOXAPIC 00000001 ASL  00000061)
[    0.000000] ACPI: SSDT 0x000000001FFF02A0 0001CC (v01 VBOX   VBOXCPUT 00000002 INTL 20100528)
[    0.000000] No NUMA configuration found
[    0.000000] Faking a node at [mem 0x0000000000000000-0x000000001ffeffff]
[    0.000000] NODE_DATA(0) allocated [mem 0x1ffeb000-0x1ffeffff]
[    0.000000] kvm-clock: Using msrs 4b564d01 and 4b564d00
[    0.000000] kvm-clock: cpu 0, msr 0:1ffe3001, primary cpu clock
[    0.000000] kvm-clock: using sched offset of 3189469240 cycles
[    0.000000] clocksource: kvm-clock: mask: 0xffffffffffffffff max_cycles: 0x1cd42e4dffb, max_idle_ns: 881590591483 ns
[    0.000000] Zone ranges:
[    0.000000]   DMA      [mem 0x0000000000001000-0x0000000000ffffff]
[    0.000000]   DMA32    [mem 0x0000000001000000-0x000000001ffeffff]
[    0.000000]   Normal   empty
[    0.000000]   Device   empty
[    0.000000] Movable zone start for each node
[    0.000000] Early memory node ranges
[    0.000000]   node   0: [mem 0x0000000000001000-0x000000000009efff]
[    0.000000]   node   0: [mem 0x0000000000100000-0x000000001ffeffff]
[    0.000000] Initmem setup node 0 [mem 0x0000000000001000-0x000000001ffeffff]
[    0.000000] ACPI: PM-Timer IO Port: 0x4008
[    0.000000] IOAPIC[0]: apic_id 2, version 32, address 0xfec00000, GSI 0-23
[    0.000000] ACPI: INT_SRC_OVR (bus 0 bus_irq 0 global_irq 2 dfl dfl)
[    0.000000] ACPI: INT_SRC_OVR (bus 0 bus_irq 9 global_irq 9 high level)
[    0.000000] Using ACPI (MADT) for SMP configuration information
[    0.000000] smpboot: Allowing 2 CPUs, 0 hotplug CPUs
[    0.000000] PM: Registered nosave memory: [mem 0x00000000-0x00000fff]
[    0.000000] PM: Registered nosave memory: [mem 0x0009f000-0x0009ffff]
[    0.000000] PM: Registered nosave memory: [mem 0x000a0000-0x000effff]
[    0.000000] PM: Registered nosave memory: [mem 0x000f0000-0x000fffff]
[    0.000000] e820: [mem 0x20000000-0xfebfffff] available for PCI devices
[    0.000000] Booting paravirtualized kernel on KVM
[    0.000000] clocksource: refined-jiffies: mask: 0xffffffff max_cycles: 0xffffffff, max_idle_ns: 7645519600211568 ns
[    0.000000] setup_percpu: NR_CPUS:512 nr_cpumask_bits:512 nr_cpu_ids:2 nr_node_ids:1
[    0.000000] PERCPU: Embedded 34 pages/cpu @ffff88001fc00000 s98328 r8192 d32744 u1048576
[    0.000000] PV qspinlock hash table entries: 256 (order: 0, 4096 bytes)
[    0.000000] Built 1 zonelists in Node order, mobility grouping on.  Total pages: 128889
[    0.000000] Policy zone: DMA32
[    0.000000] Kernel command line: BOOT_IMAGE=/boot/vmlinuz-4.4.0-96-generic root=LABEL=cloudimg-rootfs ro console=tty1 console=ttyS0
[    0.000000] PID hash table entries: 2048 (order: 2, 16384 bytes)
[    0.000000] Memory: 485780K/523832K available (8479K kernel code, 1294K rwdata, 3984K rodata, 1492K init, 1316K bss, 38052K reserved, 0K cma-reserved)
[    0.000000] SLUB: HWalign=64, Order=0-3, MinObjects=0, CPUs=2, Nodes=1
[    0.000000] Hierarchical RCU implementation.
[    0.000000] 	Build-time adjustment of leaf fanout to 64.
[    0.000000] 	RCU restricting CPUs from NR_CPUS=512 to nr_cpu_ids=2.
[    0.000000] RCU: Adjusting geometry for rcu_fanout_leaf=64, nr_cpu_ids=2
[    0.000000] NR_IRQS:33024 nr_irqs:440 16
[    0.000000] Console: colour VGA+ 80x25
[    0.000000] console [tty1] enabled
[    0.000000] console [ttyS0] enabled
[    0.000000] tsc: Detected 2494.316 MHz processor
[    1.658433] Calibrating delay loop (skipped) preset value.. 4988.63 BogoMIPS (lpj=9977264)
[    1.671157] pid_max: default: 32768 minimum: 301
[    1.672847] ACPI: Core revision 20150930
[    1.680240] ACPI: 2 ACPI AML tables successfully acquired and loaded
[    1.698669] Security Framework initialized
[    1.701959] Yama: becoming mindful.
[    1.714010] AppArmor: AppArmor initialized
[    1.726255] Dentry cache hash table entries: 65536 (order: 7, 524288 bytes)
[    1.729570] Inode-cache hash table entries: 32768 (order: 6, 262144 bytes)
[    1.742529] Mount-cache hash table entries: 1024 (order: 1, 8192 bytes)
[    1.755147] Mountpoint-cache hash table entries: 1024 (order: 1, 8192 bytes)
[    1.760701] Initializing cgroup subsys io
[    1.762061] Initializing cgroup subsys memory
[    1.764450] Initializing cgroup subsys devices
[    1.765549] Initializing cgroup subsys freezer
[    1.772085] Initializing cgroup subsys net_cls
[    1.773337] Initializing cgroup subsys perf_event
[    1.774638] Initializing cgroup subsys net_prio
[    1.779146] Initializing cgroup subsys hugetlb
[    1.787906] Initializing cgroup subsys pids
[    1.806063] CPU: Physical Processor ID: 0
[    1.807669] CPU: Processor Core ID: 0
[    1.812463] mce: CPU supports 0 MCE banks
[    1.816589] Last level iTLB entries: 4KB 512, 2MB 8, 4MB 8
[    1.831921] Last level dTLB entries: 4KB 512, 2MB 32, 4MB 32, 1GB 0
[    1.861321] Freeing SMP alternatives memory: 32K
[    1.887449] ftrace: allocating 32146 entries in 126 pages
[    1.949449] smpboot: APIC(0) Converting physical 0 to logical package 0
[    1.969971] smpboot: Max logical packages: 1
[    1.983733] x2apic enabled
[    1.992943] Switched APIC routing to physical x2apic.
[    2.009700] ..TIMER: vector=0x30 apic1=0 pin1=2 apic2=-1 pin2=-1
[    2.121046] smpboot: CPU0: Intel(R) Core(TM) i7-3667U CPU @ 2.00GHz (family: 0x6, model: 0x3a, stepping: 0x9)
[    2.174081] Performance Events: unsupported p6 CPU model 58 no PMU driver, software events only.
[    2.220328] KVM setup paravirtual spinlock
[    2.227031] x86: Booting SMP configuration:
[    2.241974] .... node  #0, CPUs:      #1
[    2.272061] kvm-clock: cpu 1, msr 0:1ffe3041, secondary cpu clock
[    2.289964] mce: CPU supports 0 MCE banks
[    2.307428] x86: Booted up 1 node, 2 CPUs
[    2.311457] smpboot: Total of 2 processors activated (9977.26 BogoMIPS)
[    2.327030] devtmpfs: initialized
[    2.345493] evm: security.selinux
[    2.348289] evm: security.SMACK64
[    2.351566] evm: security.SMACK64EXEC
[    2.352479] evm: security.SMACK64TRANSMUTE
[    2.353564] evm: security.SMACK64MMAP
[    2.354532] evm: security.ima
[    2.365725] evm: security.capability
[    2.373550] clocksource: jiffies: mask: 0xffffffff max_cycles: 0xffffffff, max_idle_ns: 7645041785100000 ns
[    2.375672] futex hash table entries: 512 (order: 3, 32768 bytes)
[    2.396715] pinctrl core: initialized pinctrl subsystem
[    2.408229] RTC time: 20:18:20, date: 09/27/17
[    2.410842] NET: Registered protocol family 16
[    2.429416] cpuidle: using governor ladder
[    2.449852] cpuidle: using governor menu
[    2.456269] PCCT header not found.
[    2.476789] ACPI: bus type PCI registered
[    2.480144] acpiphp: ACPI Hot Plug PCI Controller Driver version: 0.5
[    2.489713] PCI: Using configuration type 1 for base access
[    2.514002] ACPI: Added _OSI(Module Device)
[    2.530032] ACPI: Added _OSI(Processor Device)
[    2.542062] ACPI: Added _OSI(3.0 _SCP Extensions)
[    2.565049] ACPI: Added _OSI(Processor Aggregator Device)
[    2.572830] ACPI: Executed 1 blocks of module-level executable AML code
[    2.582429] ACPI: Interpreter enabled
[    2.584449] ACPI: (supports S0 S5)
[    2.595457] ACPI: Using IOAPIC for interrupt routing
[    2.607403] PCI: Using host bridge windows from ACPI; if necessary, use "pci=nocrs" and report a bug
[    2.627332] ACPI: PCI Root Bridge [PCI0] (domain 0000 [bus 00-ff])
[    2.637367] acpi PNP0A03:00: _OSC: OS supports [ASPM ClockPM Segments MSI]
[    2.666160] acpi PNP0A03:00: _OSC failed (AE_NOT_FOUND); disabling ASPM
[    2.702343] acpi PNP0A03:00: fail to add MMCONFIG information, can't access extended PCI configuration space under this bridge.
[    2.725049] PCI host bridge to bus 0000:00
[    2.731884] pci_bus 0000:00: root bus resource [io  0x0000-0x0cf7 window]
[    2.740282] pci_bus 0000:00: root bus resource [io  0x0d00-0xffff window]
[    2.770908] pci_bus 0000:00: root bus resource [mem 0x000a0000-0x000bffff window]
[    2.780444] pci_bus 0000:00: root bus resource [mem 0x20000000-0xffdfffff window]
[    2.798822] pci_bus 0000:00: root bus resource [bus 00-ff]
[    2.828484] pci 0000:00:01.1: legacy IDE quirk: reg 0x10: [io  0x01f0-0x01f7]
[    2.838357] pci 0000:00:01.1: legacy IDE quirk: reg 0x14: [io  0x03f6]
[    2.839702] pci 0000:00:01.1: legacy IDE quirk: reg 0x18: [io  0x0170-0x0177]
[    2.851934] pci 0000:00:01.1: legacy IDE quirk: reg 0x1c: [io  0x0376]
[    2.875698] pci 0000:00:07.0: quirk: [io  0x4000-0x403f] claimed by PIIX4 ACPI
[    2.892860] pci 0000:00:07.0: quirk: [io  0x4100-0x410f] claimed by PIIX4 SMB
[    2.931140] ACPI: PCI Interrupt Link [LNKA] (IRQs 5 9 10 *11)
[    2.939807] ACPI: PCI Interrupt Link [LNKB] (IRQs 5 9 10 *11)
[    2.963761] ACPI: PCI Interrupt Link [LNKC] (IRQs 5 9 *10 11)
[    2.975044] ACPI: PCI Interrupt Link [LNKD] (IRQs 5 *9 10 11)
[    2.983022] ACPI: Enabled 2 GPEs in block 00 to 07
[    3.006331] vgaarb: setting as boot device: PCI:0000:00:02.0
[    3.018624] vgaarb: device added: PCI:0000:00:02.0,decodes=io+mem,owns=io+mem,locks=none
[    3.052798] vgaarb: loaded
[    3.060169] vgaarb: bridge control possible 0000:00:02.0
[    3.066944] SCSI subsystem initialized
[    3.084380] ACPI: bus type USB registered
[    3.088948] usbcore: registered new interface driver usbfs
[    3.096113] usbcore: registered new interface driver hub
[    3.120928] usbcore: registered new device driver usb
[    3.122487] PCI: Using ACPI for IRQ routing
[    3.123884] NetLabel: Initializing
[    3.131111] NetLabel:  domain hash size = 128
[    3.132561] NetLabel:  protocols = UNLABELED CIPSOv4
[    3.148304] NetLabel:  unlabeled traffic allowed by default
[    3.149879] amd_nb: Cannot enumerate AMD northbridges
[    3.162219] clocksource: Switched to clocksource kvm-clock
[    3.190868] AppArmor: AppArmor Filesystem Enabled
[    3.193187] pnp: PnP ACPI init
[    3.195341] pnp: PnP ACPI: found 3 devices
[    3.214123] clocksource: acpi_pm: mask: 0xffffff max_cycles: 0xffffff, max_idle_ns: 2085701024 ns
[    3.222961] NET: Registered protocol family 2
[    3.224376] TCP established hash table entries: 4096 (order: 3, 32768 bytes)
[    3.227932] TCP bind hash table entries: 4096 (order: 4, 65536 bytes)
[    3.238381] TCP: Hash tables configured (established 4096 bind 4096)
[    3.250468] UDP hash table entries: 256 (order: 1, 8192 bytes)
[    3.258059] UDP-Lite hash table entries: 256 (order: 1, 8192 bytes)
[    3.262280] NET: Registered protocol family 1
[    3.274809] pci 0000:00:00.0: Limiting direct PCI/PCI transfers
[    3.281707] pci 0000:00:01.0: Activating ISA DMA hang workarounds
[    3.306579] Unpacking initramfs...
[    5.337183] Freeing initrd memory: 10704K
[    5.345674] RAPL PMU detected, API unit is 2^-32 Joules, 3 fixed counters 10737418240 ms ovfl timer
[    5.375499] hw unit of domain pp0-core 2^-0 Joules
[    5.385121] hw unit of domain package 2^-0 Joules
[    5.403108] hw unit of domain pp1-gpu 2^-0 Joules
[    5.404800] platform rtc_cmos: registered platform RTC device (no PNP device found)
[    5.413614] Scanning for low memory corruption every 60 seconds
[    5.423790] audit: initializing netlink subsys (disabled)
[    5.429436] audit: type=2000 audit(1506543505.568:1): initialized
[    5.458753] Initialise system trusted keyring
[    5.459968] HugeTLB registered 2 MB page size, pre-allocated 0 pages
[    5.462752] zbud: loaded
[    5.470613] VFS: Disk quotas dquot_6.6.0
[    5.484815] VFS: Dquot-cache hash table entries: 512 (order 0, 4096 bytes)
[    5.486955] squashfs: version 4.0 (2009/01/31) Phillip Lougher
[    5.518839] fuse init (API version 7.23)
[    5.521482] Key type big_key registered
[    5.556059] Allocating IMA MOK and blacklist keyrings.
[    5.567450] Key type asymmetric registered
[    5.577809] Asymmetric key parser 'x509' registered
[    5.613433] Block layer SCSI generic (bsg) driver version 0.4 loaded (major 249)
[    5.639899] io scheduler noop registered
[    5.647810] io scheduler deadline registered (default)
[    5.649246] io scheduler cfq registered
[    5.656955] pci_hotplug: PCI Hot Plug PCI Core version: 0.5
[    5.659014] pciehp: PCI Express Hot Plug Controller Driver version: 0.4
[    5.665402] ACPI: AC Adapter [AC] (off-line)
[    5.668323] input: Power Button as /devices/LNXSYSTM:00/LNXPWRBN:00/input/input0
[    5.709613] ACPI: Power Button [PWRF]
[    5.714059] input: Sleep Button as /devices/LNXSYSTM:00/LNXSLPBN:00/input/input1
[    5.715812] ACPI: Sleep Button [SLPF]
[    5.727861] ACPI: Battery Slot [BAT0] (battery present)
[    5.736991] GHES: HEST is not enabled!
[    5.744215] Serial: 8250/16550 driver, 32 ports, IRQ sharing enabled
[    5.777733] 00:02: ttyS0 at I/O 0x3f8 (irq = 4, base_baud = 115200) is a 16550A
[    5.832250] Linux agpgart interface v0.103
[    5.890781] loop: module loaded
[    5.895635] scsi host0: ata_piix
[    5.934975] scsi host1: ata_piix
[    5.976290] ata1: PATA max UDMA/33 cmd 0x1f0 ctl 0x3f6 bmdma 0xd000 irq 14
[    6.058056] ata2: PATA max UDMA/33 cmd 0x170 ctl 0x376 bmdma 0xd008 irq 15
[    6.065519] libphy: Fixed MDIO Bus: probed
[    6.079545] tun: Universal TUN/TAP device driver, 1.6
[    6.081293] tun: (C) 1999-2004 Max Krasnyansky <maxk@qualcomm.com>
[    6.109042] PPP generic driver version 2.4.2
[    6.120142] ehci_hcd: USB 2.0 'Enhanced' Host Controller (EHCI) Driver
[    6.134153] ehci-pci: EHCI PCI platform driver
[    6.148554] ehci-platform: EHCI generic platform driver
[    6.165553] ohci_hcd: USB 1.1 'Open' Host Controller (OHCI) Driver
[    6.209196] ohci-pci: OHCI PCI platform driver
[    6.216843] ohci-platform: OHCI generic platform driver
[    6.224606] uhci_hcd: USB Universal Host Controller Interface driver
[    6.288924] i8042: PNP: PS/2 Controller [PNP0303:PS2K,PNP0f03:PS2M] at 0x60,0x64 irq 1,12
[    6.324852] serio: i8042 KBD port at 0x60,0x64 irq 1
[    6.360609] serio: i8042 AUX port at 0x60,0x64 irq 12
[    6.403425] tsc: Refined TSC clocksource calibration: 2493.225 MHz
[    6.403428] clocksource: tsc: mask: 0xffffffffffffffff max_cycles: 0x23f039cf742, max_idle_ns: 440795257824 ns
[    6.470481] mousedev: PS/2 mouse device common for all mice
[    6.505020] rtc_cmos rtc_cmos: rtc core: registered rtc_cmos as rtc0
[    6.515301] rtc_cmos rtc_cmos: alarms up to one day, 114 bytes nvram
[    6.555073] input: AT Translated Set 2 keyboard as /devices/platform/i8042/serio0/input/input2
[    6.559994] i2c /dev entries driver
[    6.562251] device-mapper: uevent: version 1.0.3
[    6.576164] device-mapper: ioctl: 4.34.0-ioctl (2015-10-28) initialised: dm-devel@redhat.com
[    6.589445] ledtrig-cpu: registered to indicate activity on CPUs
[    6.591528] NET: Registered protocol family 10
[    6.644291] NET: Registered protocol family 17
[    6.658825] Key type dns_resolver registered
[    6.715367] microcode: CPU0 sig=0x306a9, pf=0x2, revision=0x19
[    6.717155] microcode: CPU1 sig=0x306a9, pf=0x2, revision=0x19
[    6.747013] microcode: Microcode Update Driver: v2.01 <tigran@aivazian.fsnet.co.uk>, Peter Oruba
[    6.765396] registered taskstats version 1
[    6.812412] Loading compiled-in X.509 certificates
[    6.849820] Loaded X.509 cert 'Build time autogenerated kernel key: b1a6ea8776bed2812c00d8a799f968274ef48628'
[    6.876294] zswap: loaded using pool lzo/zbud
[    6.879350] Key type trusted registered
[    6.907747] Key type encrypted registered
[    6.928669] AppArmor: AppArmor sha1 policy hashing enabled
[    6.929878] ima: No TPM chip found, activating TPM-bypass!
[    6.965523] evm: HMAC attrs: 0x1
[    6.969055]   Magic number: 1:442:347
[    6.994521]  pci0000:00: hash matches
[    6.995530] rtc_cmos rtc_cmos: setting system clock to 2017-09-27 20:18:25 UTC (1506543505)
[    7.038481] BIOS EDD facility v0.16 2004-Jun-25, 0 devices found
[    7.064357] EDD information not available.
[    7.085487] Freeing unused kernel memory: 1492K
[    7.104086] Write protecting the kernel read-only data: 14336k
[    7.117764] Freeing unused kernel memory: 1748K
[    7.124170] Freeing unused kernel memory: 112K
Loading, please wait...
starting version[    7.148101] random: systemd-udevd: uninitialized urandom read (16 bytes read, 2 bits of entropy available)
 229
[    7.148941] random: udevadm: uninitialized urandom read (16 bytes read, 2 bits of entropy available)
[    7.149006] random: udevadm: uninitialized urandom read (16 bytes read, 2 bits of entropy available)
[    7.149231] random: udevadm: uninitialized urandom read (16 bytes read, 2 bits of entropy available)
[    7.149318] random: udevadm: uninitialized urandom read (16 bytes read, 2 bits of entropy available)
[    7.149409] random: udevadm: uninitialized urandom read (16 bytes read, 2 bits of entropy available)
[    7.149496] random: udevadm: uninitialized urandom read (16 bytes read, 2 bits of entropy available)
[    7.149579] random: udevadm: uninitialized urandom read (16 bytes read, 2 bits of entropy available)
[    7.149668] random: udevadm: uninitialized urandom read (16 bytes read, 2 bits of entropy available)
[    7.149760] random: udevadm: uninitialized urandom read (16 bytes read, 2 bits of entropy available)
[    7.560488] e1000: Intel(R) PRO/1000 Network Driver - version 7.3.21-k8-NAPI
[    7.571779] e1000: Copyright (c) 1999-2006 Intel Corporation.
[    7.588802] Fusion MPT base driver 3.04.20
[    7.597699] Copyright (c) 1999-2008 LSI Corporation
[    7.608467] Fusion MPT SPI Host driver 3.04.20
[    7.633633] AVX version of gcm_enc/dec engaged.
[    7.648253] AES CTR mode by8 optimization enabled
[    7.834544] input: ImExPS/2 Generic Explorer Mouse as /devices/platform/i8042/serio1/input/input4
[    7.995803] e1000 0000:00:03.0 eth0: (PCI:33MHz:32-bit) 02:a4:a0:f1:db:6e
[    8.009068] e1000 0000:00:03.0 eth0: Intel(R) PRO/1000 Network Connection
[    8.396595] e1000 0000:00:08.0 eth1: (PCI:33MHz:32-bit) 08:00:27:28:11:6a
[    8.464735] e1000 0000:00:08.0 eth1: Intel(R) PRO/1000 Network Connection
[    8.493286] e1000 0000:00:03.0 enp0s3: renamed from eth0
[    8.552581] mptbase: ioc0: Initiating bringup
[    8.570733] e1000 0000:00:08.0 enp0s8: renamed from eth1
[    8.618855] ioc0: LSI53C1030 A0: Capabilities={Initiator}
[    8.865209] scsi host2: ioc0: LSI53C1030 A0, FwRev=00000000h, Ports=1, MaxQ=256, IRQ=20
[    8.995150] scsi 2:0:0:0: Direct-Access     VBOX     HARDDISK         1.0  PQ: 0 ANSI: 5
[    9.029392] scsi target2:0:0: Beginning Domain Validation
[    9.097394] scsi target2:0:0: Domain Validation skipping write tests
[    9.173294] scsi target2:0:0: Ending Domain Validation
[    9.180111] scsi target2:0:0: asynchronous
[    9.204001] scsi 2:0:1:0: Direct-Access     VBOX     HARDDISK         1.0  PQ: 0 ANSI: 5
[    9.232076] scsi target2:0:1: Beginning Domain Validation
[    9.241519] scsi target2:0:1: Domain Validation skipping write tests
[    9.245152] scsi target2:0:1: Ending Domain Validation
[    9.254600] scsi target2:0:1: asynchronous
[    9.285509] sd 2:0:0:0: Attached scsi generic sg0 type 0
[    9.285880] sd 2:0:0:0: [sda] 20971520 512-byte logical blocks: (10.7 GB/10.0 GiB)
[    9.286083] sd 2:0:0:0: [sda] Write Protect is off
[    9.286219] sd 2:0:0:0: [sda] Incomplete mode parameter data
[    9.286220] sd 2:0:0:0: [sda] Assuming drive cache: write through
[    9.288530]  sda: sda1
[    9.289474] sd 2:0:0:0: [sda] Attached SCSI disk
[    9.446459] sd 2:0:1:0: [sdb] 20480 512-byte logical blocks: (10.5 MB/10.0 MiB)
[    9.456005] sd 2:0:1:0: Attached scsi generic sg1 type 0
[    9.457519] sd 2:0:1:0: [sdb] Write Protect is off
[    9.472933] sd 2:0:1:0: [sdb] Incomplete mode parameter data
[    9.499253] sd 2:0:1:0: [sdb] Assuming drive cache: write through
[    9.548925] sd 2:0:1:0: [sdb] Attached SCSI disk
[   10.670798] floppy0: no floppy controllers found
Begin: Loading e[   12.087310] md: linear personality registered for level -1
ssential drivers[   12.113076] md: multipath personality registered for level -4
 ... [   12.131636] md: raid0 personality registered for level 0
[   12.155234] md: raid1 personality registered for level 1
[   12.234376] raid6: sse2x1   gen()  7185 MB/s
[   12.334437] raid6: sse2x1   xor()  4566 MB/s
[   12.418599] raid6: sse2x2   gen()  8311 MB/s
[   12.506289] raid6: sse2x2   xor()  3833 MB/s
[   12.610298] raid6: sse2x4   gen()  7905 MB/s
[   12.706533] raid6: sse2x4   xor()  6676 MB/s
[   12.723159] raid6: using algorithm sse2x2 gen() 8311 MB/s
[   12.735524] raid6: .... xor() 3833 MB/s, rmw enabled
[   12.739865] raid6: using ssse3x2 recovery algorithm
[   12.769542] xor: automatically using best checksumming function:
[   12.818387]    avx       : 17570.000 MB/sec
[   12.830197] async_tx: api initialized (async)
[   12.841631] md: raid6 personality registered for level 6
[   12.856596] md: raid5 personality registered for level 5
[   12.861294] md: raid4 personality registered for level 4
[   12.874595] md: raid10 personality registered for level 10
done.
Begin: Running /scripts/init-premount ... done.
Begin: Mounting root file sys[   12.925975] Btrfs loaded
tem ... Begin: Running /scripts/local-top ... done.
Begin: Running /scripts/local-premount ... Scanning for Btrfs filesystems
done.
Warning: fsck not present, so sk[   13.014200] EXT4-fs (sda1): mounted filesystem with ordered data mode. Opts: (null)
ipping root file system
done.
Begin: Running /scripts/local-bottom ... done.
Begin: Running /scripts/init-bottom ... done.
[   13.129895] systemd[1]: systemd 229 running in system mode. (+PAM +AUDIT +SELINUX +IMA +APPARMOR +SMACK +SYSVINIT +UTMP +LIBCRYPTSETUP +GCRYPT +GNUTLS +ACL +XZ -LZ4 +SECCOMP +BLKID +ELFUTILS +KMOD -IDN)
[   13.166130] systemd[1]: Detected virtualization oracle.
[   13.172744] systemd[1]: Detected architecture x86-64.

Welcome to [1mUbuntu 16.04.3 LTS[0m!

[   13.207374] systemd[1]: Set hostname to <ubuntu>.
[   13.227227] systemd[1]: Initializing machine ID from random generator.
[   13.237159] systemd[1]: Installed transient /etc/machine-id file.
[   13.387925] systemd[1]: Listening on /dev/initctl Compatibility Named Pipe.
[[0;32m  OK  [0m] Listening on /dev/initctl Compatibility Named Pipe.
[   13.442235] systemd[1]: Set up automount Arbitrary Executable File Formats File System Automount Point.
[[0;32m  OK  [0m] Set up automount Arbitrary Executab...ats File System Automount Point.
[   13.575189] systemd[1]: Listening on Journal Socket (/dev/log).
[[0;32m  OK  [0m] Listening on Journal Socket (/dev/log).
[   13.619077] systemd[1]: Reached target User and Group Name Lookups.
[[0;32m  OK  [0m] Reached target User and Group Name Lookups.
[   13.662952] systemd[1]: Listening on udev Control Socket.
[[0;32m  OK  [0m] Listening on udev Control Socket.
[   13.698551] systemd[1]: Listening on udev Kernel Socket.
[[0;32m  OK  [0m] Listening on udev Kernel Socket.
[   13.778713] systemd[1]: Started Forward Password Requests to Wall Directory Watch.
[[0;32m  OK  [0m] Started Forward Password Requests to Wall Directory Watch.
[   13.866761] systemd[1]: Listening on LVM2 metadata daemon socket.
[[0;32m  OK  [0m] Listening on LVM2 metadata daemon socket.
[   13.942643] systemd[1]: Reached target Swap.
[[0;32m  OK  [0m] Reached target Swap.
[   13.987219] systemd[1]: Started Trigger resolvconf update for networkd DNS.
[[0;32m  OK  [0m] Started Trigger resolvconf update for networkd DNS.
[   14.042901] systemd[1]: Listening on Journal Audit Socket.
[[0;32m  OK  [0m] Listening on Journal Audit Socket.
[   14.063618] systemd[1]: Created slice User and Session Slice.
[[0;32m  OK  [0m] Created slice User and Session Slice.
[   14.090753] systemd[1]: Listening on Device-mapper event daemon FIFOs.
[[0;32m  OK  [0m] Listening on Device-mapper event daemon FIFOs.
[   14.177744] systemd[1]: Created slice System Slice.
[[0;32m  OK  [0m] Created slice System Slice.
[   14.218658] systemd[1]: Reached target Slices.
[[0;32m  OK  [0m] Reached target Slices.
[   14.271163] systemd[1]: Created slice system-serial\x2dgetty.slice.
[[0;32m  OK  [0m] Created slice system-serial\x2dgetty.slice.
[   14.302883] systemd[1]: Listening on Journal Socket.
[[0;32m  OK  [0m] Listening on Journal Socket.
[   14.334595] systemd[1]: Starting Remount Root and Kernel File Systems...
         Starting Remount[   14.360977] EXT4-fs (sda1): re-mounted. Opts: (null)
 Root and Kernel File Systems...
[   14.395271] systemd[1]: Mounting POSIX Message Queue File System...
         Mounting POSIX Message Queue File System...
[   14.431314] systemd[1]: Starting Load Kernel Modules...
         [   14.440735] Loading iSCSI transport class v2.0-870.
Starting Load Kernel Modules...
[   14.460541] systemd[1]: Mounting Debug File System...
         [   14.470105] iscsi: registered transport (tcp)
Mounting Debug File System...
[   14.511375] systemd[1]: Mounting Huge Pages File System...
         Mounting Huge Pages File System...
[   14.519405] systemd[1]: Starting Nameserver information manager...
         Starting Nameserver information manager...
[   14.530425] iscsi: registered transport (iser)
[   14.531124] systemd[1]: Starting Set console keymap...
         Starting Set console keymap...
[   14.607221] systemd[1]: Starting Create list of required static device nodes for the current kernel...
         Starting Create list of required st... nodes for the current kernel...
[   14.663213] systemd[1]: Starting Uncomplicated firewall...
         Starting Uncomplicated firewall...
[   14.683661] systemd[1]: Starting Monitoring of LVM2 mirrors, snapshots etc. using dmeventd or progress polling...
         Starting Monitoring of LVM2 mirrors... dmeventd or progress polling...
[   14.719090] systemd[1]: Reached target Encrypted Volumes.
[[0;32m  OK  [0m] Reached target Encrypted Volumes.
[   14.751422] systemd[1]: Listening on LVM2 poll daemon socket.
[[0;32m  OK  [0m] Listening on LVM2 poll daemon socket.
[   14.803243] systemd[1]: Listening on Syslog Socket.
[[0;32m  OK  [0m] Listening on Syslog Socket.
[   14.830719] systemd[1]: Starting Journal Service...
[   14.831240] random: nonblocking pool is initialized
         Starting Journal Service...
[   14.862172] systemd[1]: Mounted POSIX Message Queue File System.
[[0;32m  OK  [0m] Mounted POSIX Message Queue File System.
[   14.914808] systemd[1]: Mounted Debug File System.
[[0;32m  OK  [0m] Mounted Debug File System.
[   14.938756] systemd[1]: Mounted Huge Pages File System.
[[0;32m  OK  [0m] Mounted Huge Pages File System.
[   14.966915] systemd[1]: Started Journal Service.
[[0;32m  OK  [0m] Started Journal Service.
[[0;32m  OK  [0m] Started Remount Root and Kernel File Systems.
[[0;32m  OK  [0m] Started Load Kernel Modules.
[[0;32m  OK  [0m] Started Set console keymap.
[[0;32m  OK  [0m] Started Create list of required sta...ce nodes for the current kernel.
[[0;32m  OK  [0m] Started Uncomplicated firewall.
[[0;32m  OK  [0m] Started Nameserver information manager.
[[0;32m  OK  [0m] Started LVM2 metadata daemon.
         Starting Create Static Device Nodes in /dev...
         Starting Apply Kernel Variables...
         Mounting FUSE Control File System...
         Starting Load/Save Random Seed...
         Starting udev Coldplug all Devices...
         Starting Initial cloud-init job (pre-networking)...
         Starting Flush Journal to Persistent Storage...
[[0;32m  OK  [0m] Mounted FUSE Control File System.
[[0;32m  OK  [0m] Started Monitoring of LVM2 mirrors,...ng dmeventd or progress polling.
[[0;32m  OK  [0m] Started Create Static Device Nodes in /dev.
[[0;32m  OK  [0m] Started Apply Kernel Variables.
[[0;32m  OK  [0m] Started Load/Save Random Seed.
         Starting udev Kernel Device Manager...
[[0;32m  OK  [0m] Started Flush Journal to Persistent Storage.
[[0;32m  OK  [0m] Started udev Coldplug all Devices.
[[0;32m  OK  [0m] Started udev Kernel Device Manager.
[[0;32m  OK  [0m] Reached target Local File Systems (Pre).
[[0;32m  OK  [0m] Reached target Local File Systems.
         Starting Set console font and keymap...
         Starting Tell Plymouth To Write Out Runtime Data...
         Starting LSB: AppArmor initialization...
         Starting Commit a transient machine-id on disk...
[[0;32m  OK  [0m] Started Dispatch Password Requests to Console Directory Watch.
         Starting Create Volatile Files and Directories...
[[0;32m  OK  [0m] Started Tell Plymouth To Write Out Runtime Data.
[[0;32m  OK  [0m] Started Commit a transient machine-id on disk.
[[0;32m  OK  [0m] Started Create Volatile Files and Directories.
[[0;32m  OK  [0m] Reached target System Time Synchronized.
         Starting Update UTMP about System Boot/Shutdown...
[[0;32m  OK  [0m] Started Update UTMP about System Boot/Shutdown.
[[0;32m  OK  [0m] Found device /dev/ttyS0.
[[0;1;31mFAILED[0m] Failed to start Set console font and keymap.
See 'systemctl status console-setup.service' for details.
[[0;32m  OK  [0m] Listening on Load/Save RF Kill Switch Status /dev/rfkill Watch.
[   14.291342] cloud-init[452]: Cloud-init v. 0.7.9 running 'init-local' at Wed, 27 Sep 2017 20:18:34 +0000. Up 13.67 seconds.
[[0;32m  OK  [0m] Created slice system-getty.slice.
[[0;32m  OK  [0m] Started LSB: AppArmor initialization.
[[0;32m  OK  [0m] Started Initial cloud-init job (pre-networking).
[[0;32m  OK  [0m] Reached target Network (Pre).
         Starting Raise network interfaces...
[[0;32m  OK  [0m] Started Raise network interfaces.
         Starting Initial cloud-init job (metadata service crawler)...
[[0;32m  OK  [0m] Reached target Network.
[   18.223658] cloud-init[915]: Cloud-init v. 0.7.9 running 'init' at Wed, 27 Sep 2017 20:18:38 +0000. Up 17.03 seconds.
[   18.264893] cloud-init[915]: ci-info: ++++++++++++++++++++++++++++++++++++++Net device info++++++++++++++++++++++++++++++++++++++
[   18.348974] cloud-init[915]: ci-info: +--------+-------+----------------------------+---------------+-------+-------------------+
[   18.349363] cloud-init[915]: ci-info: | Device |   Up  |          Address           |      Mask     | Scope |     Hw-Address    |
[[0;32m  OK  [0m] Started Initial cloud-init job (metadata service crawler).
[   18.349734] cloud-init[915]: ci-info: +--------+-------+----------------------------+---------------+-------+-------------------+
[   18.580430] cloud-init[915]: ci-info: |   lo   |  True |         127.0.0.1          |   255.0.0.0   |   .   |         .         |
[   18.580925] cloud-init[915]: ci-info: |   lo   |  True |          ::1/128           |       .       |  host |         .         |
[[0;32m  OK  [0m] Reached target Network is Online.
[   18.581163] cloud-init[915]: ci-info: | enp0s8 | False |             .              |       .       |   .   | 08:00:27:28:11:6a |
[   18.677086] cloud-init[915]: ci-info: | enp0s3 |  True |         10.0.2.15          | 255.255.255.0 |   .   | 02:a4:a0:f1:db:6e |
[   18.677687] cloud-init[915]: ci-info: | enp0s3 |  True | fe80::a4:a0ff:fef1:db6e/64 |       .       |  link | 02:a4:a0:f1:db:6e |
[   18.677953] cloud-init[915]: ci-info: +--------+-------+----------------------------+---------------+-------+-------------------+
         Starting iSCSI initiator daemon (iscsid)...
[   18.678238] cloud-init[915]: ci-info: +++++++++++++++++++++++++++Route IPv4 info++++++++++++++++++++++++++++
[   18.781134] cloud-init[915]: ci-info: +-------+-------------+----------+---------------+-----------+-------+
[[0;32m  OK  [0m] Reached target System Initialization.
[   18.781372] cloud-init[915]: ci-info: | Route | Destination | Gateway  |    Genmask    | Interface | Flags |
[   18.829459] cloud-init[915]: ci-info: +-------+-------------+----------+---------------+-----------+-------+
[[0;32m  OK  [0m] Listening on ACPID Listen Socket.
[   18.829747] cloud-init[915]: ci-info: |   0   |   0.0.0.0   | 10.0.2.2 |    0.0.0.0    |   enp0s3  |   UG  |
[   18.919137] cloud-init[915]: ci-info: |   1   |   10.0.2.0  | 0.0.0.0  | 255.255.255.0 |   enp0s3  |   U   |
[[0;32m  OK  [0m] Listening on D-Bus System Message Bus Socket.
[   18.919390] cloud-init[915]: ci-info: +-------+-------------+----------+---------------+-----------+-------+
[   19.009212] cloud-init[915]: Generating public/private rsa key pair.
[[0;32m  OK  [0m] Listening on UUID daemon activation socket.
[   19.108694] cloud-init[915]: Your identification has been saved in /etc/ssh/ssh_host_rsa_key.
[   19.109183] cloud-init[915]: Your public key has been saved in /etc/ssh/ssh_host_rsa_key.pub.
[[0;32m  OK  [0m] Started Timer to automatically refresh installed snaps.
[   19.109538] cloud-init[915]: The key fingerprint is:
[   19.216400] cloud-init[915]: SHA256:Lu6HaqsZyqmtfegeoAvMNTj+vudFfvlFYIIgZuFdSWQ root@ubuntu-xenial
[   19.217002] cloud-init[915]: The key's randomart image is:
         Starting Socket activation for snappy daemon.
[[   19.217442] cloud-init[915]: +---[RSA 2048]----+
[   19.317213] cloud-init[915]: |   =..oE.        |
[0;32m  OK  [0m] Started Timer to automatically fetch and run repair assertions.
[   19.317467] cloud-init[915]: |  + o +..        |
[   19.358510] cloud-init[915]: |   . . . . o     |
[[0;32m  OK  [0m] Started Daily Cleanup of Temporary Directories.
[   19.358996] cloud-init[915]: |  .       o .    |
[   19.446759] cloud-init[915]: |.o o   .S    .   |
[   19.468622] cloud-init[915]: |=.o . o.  . .    |
[   19.488504] cloud-init[915]: |o+o.  .+.o   .   |
[   19.521027] cloud-init[915]: |o=++ooo.o . .    |
[   19.540651] cloud-init[915]: |**OB*=o.   .     |
         [   19.580317] Starting LXD - unix socket.cloud-init
[915]: +----[SHA256]-----+
[[   19.580809] cloud-init[915]: Generating public/private dsa key pair.
[   19.609690] cloud-init[915]: Your identification has been saved in /etc/ssh/ssh_host_dsa_key.
[0;32m  OK  [0m] Started Daily apt download activities.
[[   19.610293] cloud-init[915]: Your public key has been saved in /etc/ssh/ssh_host_dsa_key.pub.
[   19.689359] cloud-init[915]: The key fingerprint is:
[0;32m  OK  [0m] Started Daily apt upgrade and clean activities.
[   19.689853] cloud-init[915]: SHA256:4vvoY/+IxAGy7EQFLq4Ig9kzWefpBqHNk8CQuLLb2Cg root@ubuntu-xenial
[   19.741517] cloud-init[915]: The key's randomart image is:
[[0;32m  OK  [0m] Reached target Timers.
[   19.741891] cloud-init[915]: +---[DSA 1024]----+
[   19.769192] cloud-init[915]: |o....            |
[   19.769887] cloud-init[915]: |o+ .             |
[   19.769990] cloud-init[915]: |..* + .          |
[[0;32m  OK  [0m] Started ACPI Events Check.
[   19.770605] cloud-init[915]: |=* X * .         |
[   19.809755] cloud-init[915]: |*oX * = S        |
[[0;32m  OK  [0m] Reached target Paths.
[   19.810660] cloud-init[915]: |=+ o * o         |
[   19.857085] cloud-init[915]: |o*.   *          |
[[0;32m  OK  [0m] Reached target Cloud-config availability.
[   19.857553] cloud-init[915]: |E o  oo+ .       |
[   19.900382] cloud-init[915]: |.    o=++..      |
[   19.916416] cloud-init[915]: +----[SHA256]-----+
[[0;32m  OK  [0m] Listening on Socket activation for snappy daemon.
[[0;32m  OK  [0m] Listening on LXD - unix socket.
[[0;32m  OK  [0m] Started iSCSI initiator daemon (iscsid).
[   19.931614] cloud-init[915]: Generating public/private ecdsa key pair.
[   20.032472] cloud-init[915]: Your identification has been saved in /etc/ssh/ssh_host_ecdsa_key.
[   20.060541] cloud-init[915]: Your public key has been saved in /etc/ssh/ssh_host_ecdsa_key.pub.
[   20.104670] cloud-init[915]: The key fingerprint is:
[   20.120491] cloud-init[915]: SHA256:dTvif6d/KW/GQ2oyJmfdMwHdF1g1KoqfkNRoSTP0iaA root@ubuntu-xenial
[   20.156300] cloud-init[915]: The key's randomart image is:
[   20.156452] cloud-init[915]: +---[ECDSA 256]---+
[   20.156718] cloud-init[915]: |     ..=      ooo|
[   20.156804] cloud-init[915]: |    . o O .  ....|
[   20.156878] cloud-init[915]: |   E   * +..... o|
[   20.156987] cloud-init[915]: |      o o....o .o|
[   20.157070] cloud-init[915]: |       +S.. o . .|
[   20.157128] cloud-init[915]: |        o... . o |
[   20.157210] cloud-init[915]: |         o. . = o|
[   20.157308] cloud-init[915]: |         . B =.Xo|
[   20.157384] cloud-init[915]: |          = =.*=*|
[   20.157466] cloud-init[915]: +----[SHA256]-----+
[   20.157534] cloud-init[915]: Generating public/private ed25519 key pair.
[   20.157626] cloud-init[915]: Your identification has been saved in /etc/ssh/ssh_host_ed25519_key.
[   20.157697] cloud-init[915]: Your public key has been saved in /etc/ssh/ssh_host_ed25519_key.pub.
[   20.157772] cloud-init[915]: The key fingerprint is:
[   20.157861] cloud-init[915]: SHA256:68k7yofe287PYbknPns7p4YS3Aj5/nx+19g+A4jeCUo root@ubuntu-xenial
[   20.157918] cloud-init[915]: The key's randomart image is:
[   20.157994] cloud-init[915]: +--[ED25519 256]--+
[   20.158076] cloud-init[915]: |                 |
[   20.158137] cloud-init[915]: |                 |
[   20.158213] cloud-init[915]: |         .       |
[   20.158294] cloud-init[915]: |        o        |
[   20.158367] cloud-init[915]: |        S+.o.    |
[   20.158503] cloud-init[915]: |       E +=..o   |
[   20.158604] cloud-init[915]: |      ..+.o.=..o.|
[   20.158693] cloud-init[915]: |     ..=o=o*+oBo*|
[   20.158786] cloud-init[915]: |     .+oB=+=OX+B=|
[   20.158873] cloud-init[915]: +----[SHA256]-----+
         Starting Login to default iSCSI targets...
[[0;32m  OK  [0m] Reached target Sockets.
[[0;32m  OK  [0m] Reached target Basic System.
[[0;32m  OK  [0m] Started D-Bus System Message Bus.
         Starting Login Service...
         Starting Accounts Service...
[[0;32m  OK  [0m] Started ACPI event daemon.
         Starting System Logging Service...
[[0;32m  OK  [0m] Started Deferred execution scheduler.
         Starting Apply the settings specified in cloud-config...
         Starting LSB: MD monitoring daemon...
         Starting LXD - container startup/shutdown...
[[0;32m  OK  [0m] Started Unattended Upgrades Shutdown.
[[0;32m  OK  [0m] Started Regular background program processing daemon.
         Starting Pollinate to seed the pseudo random number generator...
[[0;32m  OK  [0m] Started FUSE filesystem for LXC.
         Starting /etc/rc.local Compatibility...
         Starting LSB: Record successful boot for GRUB...
         Starting Snappy daemon...
[[0;32m  OK  [0m] Started System Logging Service.
[[0;32m  OK  [0m] Started LXD - container startup/shutdown.
[[0;32m  OK  [0m] Started /etc/rc.local Compatibility.
[[0;32m  OK  [0m] Started Login to default iSCSI targets.
[[0;32m  OK  [0m] Started Snappy daemon.
[[0;32m  OK  [0m] Started LSB: MD monitoring daemon.
[[0;32m  OK  [0m] Started LSB: Record successful boot for GRUB.
[[0;32m  OK  [0m] Started Login Service.
         Starting Authenticate and Authorize Users to Run Privileged Tasks...
         Starting Auto import assertions from block devices...
[[0;32m  OK  [0m] Reached target Remote File Systems (Pre).
[[0;32m  OK  [0m] Reached target Remote File Systems.
         Starting LSB: automatic crash report generation...
         Starting LSB: VirtualBox Linux Additions...
         Starting LSB: daemon to balance interrupts for SMP systems...
         Starting Permit User Sessions...
         Starting LSB: Set the CPU Frequency Scaling governor to "ondemand"...
[[0;32m  OK  [0m] Started Auto import assertions from block devices.
[[0;32m  OK  [0m] Started Permit User Sessions.
[[0;32m  OK  [0m] Started Authenticate and Authorize Users to Run Privileged Tasks.
[[0;32m  OK  [0m] Started Accounts Service.
[[0;32m  OK  [0m] Started LSB: daemon to balance interrupts for SMP systems.
         Starting Terminate Plymouth Boot Screen...
         Starting Hold until boot process finishes up...
[[0;32m  OK  [0m] Started LSB: automatic crash report generation.
[[0;32m  OK  [0m] Started LSB: Set the CPU Frequency Scaling governor to "ondemand".
[[0;32m  OK  [0m] Started Terminate Plymouth Boot Screen.
[[0;32m  OK  [0m] Started LSB: VirtualBox Linux Additions.
[[0;32m  OK  [0m] Started Hold until boot process finishes up.
[   22.138562] cloud-init[1037]: Generating locales (this might take a while)...
[[0;32m  OK  [0m] Started Pollinate to seed the pseudo random number generator.
         Starting OpenBSD Secure Shell server...
[[0;32m  OK  [0m] Started Serial Getty on ttyS0.
         Starting Set console scheme...
[[0;32m  OK  [0m] Started Getty on tty1.
[[0;32m  OK  [0m] Reached target Login Prompts.
[[0;32m  OK  [0m] Started OpenBSD Secure Shell server.
[[0;32m  OK  [0m] Started Set console scheme.
[[0;32m  OK  [0m] Reached target Multi-User System.
[[0;32m  OK  [0m] Reached target Graphical Interface.
         Starting Update UTMP about System Runlevel Changes...
[[0;32m  OK  [0m] Started Update UTMP about System Runlevel Changes.
[   23.796855] cloud-init[1037]:   en_US.UTF-8... done
[   23.824701] cloud-init[1037]: Generation complete.
         Stopping OpenBSD Secure Shell server...
[[0;32m  OK  [0m] Stopped OpenBSD Secure Shell server.
         Starting OpenBSD Secure Shell server...
[[0;32m  OK  [0m] Started OpenBSD Secure Shell server.
[[0;32m  OK  [0m] Created slice User Slice of ubuntu.
         Starting User Manager for UID 1000...
[[0;32m  OK  [0m] Started Session 1 of user ubuntu.
[[0;32m  OK  [0m] Started User Manager for UID 1000.
[   24.532980] cloud-init[1037]: Cloud-init v. 0.7.9 running 'modules:config' at Wed, 27 Sep 2017 20:18:42 +0000. Up 21.65 seconds.
[[0;32m  OK  [0m] Started Apply the settings specified in cloud-config.
         Starting Execute cloud user/final scripts...
ci-info: no authorized ssh keys fingerprints found for user ubuntu.
<14>Sep 27 20:18:46 ec2: 
<14>Sep 27 20:18:46 ec2: #############################################################
<14>Sep 27 20:18:46 ec2: -----BEGIN SSH HOST KEY FINGERPRINTS-----
<14>Sep 27 20:18:46 ec2: 1024 SHA256:4vvoY/+IxAGy7EQFLq4Ig9kzWefpBqHNk8CQuLLb2Cg root@ubuntu-xenial (DSA)
<14>Sep 27 20:18:46 ec2: 256 SHA256:dTvif6d/KW/GQ2oyJmfdMwHdF1g1KoqfkNRoSTP0iaA root@ubuntu-xenial (ECDSA)
<14>Sep 27 20:18:46 ec2: 256 SHA256:68k7yofe287PYbknPns7p4YS3Aj5/nx+19g+A4jeCUo root@ubuntu-xenial (ED25519)
<14>Sep 27 20:18:46 ec2: 2048 SHA256:Lu6HaqsZyqmtfegeoAvMNTj+vudFfvlFYIIgZuFdSWQ root@ubuntu-xenial (RSA)
<14>Sep 27 20:18:46 ec2: -----END SSH HOST KEY FINGERPRINTS-----
<14>Sep 27 20:18:46 ec2: #############################################################
-----BEGIN SSH HOST KEY KEYS-----
ecdsa-sha2-nistp256 AAAAE2VjZHNhLXNoYTItbmlzdHAyNTYAAAAIbmlzdHAyNTYAAABBBMwpZT9h1st70NaXUxoSIpmRPxwqXHElbqvWnQ100CTvEEbCyRYE7pv6y8EOFNVixOCp1WAfmHRo9q/p9c5JhUg= root@ubuntu-xenial
ssh-ed25519 AAAAC3NzaC1lZDI1NTE5AAAAIE8W/EFXbaG0rv/mBMhsMY8AP2fXr5Ghvwyn/C3TCj6E root@ubuntu-xenial
ssh-rsa AAAAB3NzaC1yc2EAAAADAQABAAABAQDu1ku0ET9zpiM7jgVnJt/Rs894MDvGfraUyqxhPJELQ+j1lHD9pmeEL6QPSoL77SiCFbvUXTRJpUSJGmfOO6QSo/vEr+nmzrpQ20qGwoi/sY94Hx+T4XkrotTyKqhZp5YlPamZzWX3ajHQDwFcow4wH1E+d9pQod0lUCQWohBigS2NoJU5/0hLpJLdDkWiGl2Qmc888S1tEJEJykibZbrTzLLG1/xWG3KKDMsnyPNbz61yVV6XrXxEovt7RM8g1mMTxkmGlXF/16Xh8B39ojBe6DoXHZ/ldgnZp2PB59mP0WmGjj1U32k7baIuFnxzjGNcwK6cZQJObnOIol6cd6L1 root@ubuntu-xenial
-----END SSH HOST KEY KEYS-----
[   25.691566] cloud-init[1365]: Cloud-init v. 0.7.9 running 'modules:final' at Wed, 27 Sep 2017 20:18:46 +0000. Up 25.19 seconds.
[   25.743036] cloud-init[1365]: ci-info: no authorized ssh keys fingerprints found for user ubuntu.
[   25.756583] cloud-init[1365]: Cloud-init v. 0.7.9 finished at Wed, 27 Sep 2017 20:18:46 +0000. Datasource DataSourceNoCloud [seed=/dev/sdb][dsmode=net].  Up 25.67 seconds
[[0;32m  OK  [0m] Started Execute cloud user/final scripts.
[[0;32m  OK  [0m] Reached target Cloud-init target.

Ubuntu 16.04.3 LTS ubuntu-xenial ttyS0

ubuntu-xenial login: 